
[Warning] 2015-10-15 21:44:14.4183 ThreadId=1
Application_Start
-------------------------------------------

[Debug] 2015-10-15 21:44:19.5225 ThreadId=5
IsIrcLegal moon.license path:E:\projects\Moon\Moon.Pager\Bin\moon.license
-------------------------------------------

[Warning] 2015-10-15 21:44:19.5235 ThreadId=5
工作目录下不存在授权文件moon.license
-------------------------------------------

[Error] 2015-10-15 21:44:19.5235 ThreadId=5
提示:moon.orm可免费使用,但需要授权(所以你暂时不能使用sqlite).请联系qsmy_qin@163.com免费授权
-------------------------------------------

[Warning] 2015-10-15 21:45:17.9557 ThreadId=1
Application_Start
-------------------------------------------

[Debug] 2015-10-15 21:45:18.7932 ThreadId=6
IsIrcLegal moon.license path:E:\projects\Moon\Moon.Pager\Bin\moon.license
-------------------------------------------

[Warning] 2015-10-15 21:46:38.0549 ThreadId=1
Application_Start
-------------------------------------------

[Debug] 2015-10-15 21:46:38.7323 ThreadId=6
IsIrcLegal moon.license path:E:\projects\Moon\Moon.Pager\Bin\moon.license
-------------------------------------------

[Warning] 2015-10-15 21:53:53.1692 ThreadId=1
Application_Start
-------------------------------------------

[Debug] 2015-10-15 21:53:53.7946 ThreadId=6
IsIrcLegal moon.license path:E:\projects\Moon\Moon.Pager\Bin\moon.license
-------------------------------------------

[Warning] 2015-10-15 22:01:27.6484 ThreadId=1
Application_Start
-------------------------------------------

[Debug] 2015-10-15 22:01:28.1791 ThreadId=6
IsIrcLegal moon.license path:E:\projects\Moon\Moon.Pager\Bin\moon.license
-------------------------------------------

[Warning] 2015-10-15 22:08:17.1281 ThreadId=1
Application_Start
-------------------------------------------

[Debug] 2015-10-15 22:08:17.6835 ThreadId=6
IsIrcLegal moon.license path:E:\projects\Moon\Moon.Pager\Bin\moon.license
-------------------------------------------

[Warning] 2015-10-15 22:09:55.3101 ThreadId=1
Application_Start
-------------------------------------------

[Debug] 2015-10-15 22:09:55.8385 ThreadId=6
IsIrcLegal moon.license path:E:\projects\Moon\Moon.Pager\Bin\moon.license
-------------------------------------------

[Warning] 2015-10-15 22:13:00.9807 ThreadId=1
Application_Start
-------------------------------------------

[Debug] 2015-10-15 22:13:01.5018 ThreadId=5
IsIrcLegal moon.license path:E:\projects\Moon\Moon.Pager\Bin\moon.license
-------------------------------------------

[Warning] 2015-10-15 22:14:27.4230 ThreadId=1
Application_Start
-------------------------------------------

[Debug] 2015-10-15 22:14:31.0646 ThreadId=6
IsIrcLegal moon.license path:E:\projects\Moon\Moon.Pager\Bin\moon.license
-------------------------------------------

[Warning] 2015-10-15 22:27:07.5502 ThreadId=1
Application_Start
-------------------------------------------

[Debug] 2015-10-15 22:27:08.5168 ThreadId=7
IsIrcLegal moon.license path:E:\projects\Moon\Moon.Pager\Bin\moon.license
-------------------------------------------

[Warning] 2015-10-15 22:33:29.4807 ThreadId=1
Application_Start
-------------------------------------------

[Debug] 2015-10-15 22:33:29.7089 ThreadId=6
IsIrcLegal moon.license path:E:\projects\Moon\Moon.Pager\Bin\moon.license
-------------------------------------------
